<?xml version="1.0" encoding="UTF-8"?>
<testng-results ignored="0" total="1" passed="1" failed="0" skipped="0">
  <reporter-output>
  </reporter-output>
  <suite started-at="2023-09-09T15:28:10 IST" name="Default suite" finished-at="2023-09-09T15:29:26 IST" duration-ms="76490">
    <groups>
    </groups>
    <test started-at="2023-09-09T15:28:10 IST" name="Default test" finished-at="2023-09-09T15:29:26 IST" duration-ms="76490">
      <class name="Scripts.TestCase2">
        <test-method is-config="true" signature="openapp()[pri:0, instance:Scripts.TestCase2@6069db50]" started-at="2023-09-09T15:28:10 IST" name="openapp" finished-at="2023-09-09T15:28:17 IST" duration-ms="7378" status="PASS">
          <reporter-output>
          </reporter-output>
        </test-method> <!-- openapp -->
        <test-method signature="tc2()[pri:0, instance:Scripts.TestCase2@6069db50]" started-at="2023-09-09T15:28:17 IST" name="tc2" finished-at="2023-09-09T15:29:26 IST" duration-ms="68545" status="PASS">
          <reporter-output>
          </reporter-output>
        </test-method> <!-- tc2 -->
        <test-method is-config="true" signature="closeapp(org.testng.ITestResult)[pri:0, instance:Scripts.TestCase2@6069db50]" started-at="2023-09-09T15:29:26 IST" name="closeapp" finished-at="2023-09-09T15:29:26 IST" duration-ms="511" status="PASS">
          <params>
            <param index="0">
              <value>
                <![CDATA[[TestResult name=tc2 status=SUCCESS method=TestCase2.tc2()[pri:0, instance:Scripts.TestCase2@6069db50] output={null}]]]>
              </value>
            </param>
          </params>
          <reporter-output>
          </reporter-output>
        </test-method> <!-- closeapp -->
      </class> <!-- Scripts.TestCase2 -->
    </test> <!-- Default test -->
  </suite> <!-- Default suite -->
</testng-results>
